2018-06-19 19:15:51 4828 [Note] Plugin 'FEDERATED' is disabled.
2018-06-19 19:15:51 4828 [Note] InnoDB: The InnoDB memory heap is disabled
2018-06-19 19:15:51 4828 [Note] InnoDB: Mutexes and rw_locks use Windows interlocked functions
2018-06-19 19:15:51 4828 [Note] InnoDB: Compressed tables use zlib 1.2.3
2018-06-19 19:15:51 4828 [Note] InnoDB: Not using CPU crc32 instructions
2018-06-19 19:15:51 4828 [Note] InnoDB: Initializing buffer pool, size = 128.0M
2018-06-19 19:15:51 4828 [Note] InnoDB: Completed initialization of buffer pool
2018-06-19 19:15:51 4828 [Note] InnoDB: Setting log file F:\faqi\mysql\mysql\data\ib_logfile101 size to 5 MB
2018-06-19 19:15:52 4828 [Note] InnoDB: Setting log file F:\faqi\mysql\mysql\data\ib_logfile1 size to 5 MB
2018-06-19 19:15:53 4828 [Note] InnoDB: Renaming log file F:\faqi\mysql\mysql\data\ib_logfile101 to F:\faqi\mysql\mysql\data\ib_logfile0
2018-06-19 19:15:53 4828 [Warning] InnoDB: New log files created, LSN=1626134
2018-06-19 19:15:53 4828 [Note] InnoDB: Highest supported file format is Barracuda.
2018-06-19 19:15:55 4828 [Note] InnoDB: 128 rollback segment(s) are active.
2018-06-19 19:15:55 4828 [Note] InnoDB: Waiting for purge to start
2018-06-19 19:15:56 4828 [Note] InnoDB: 5.6.13 started; log sequence number 1626636
2018-06-19 19:15:56 4828 [Warning] No existing UUID has been found, so we assume that this is the first time that this server has been started. Generating a new UUID: 563e2439-740e-11e8-924e-641c6766b5b6.
2018-06-19 19:15:56 4828 [Note] Server hostname (bind-address): '*'; port: 3307
2018-06-19 19:15:56 4828 [Note] IPv6 is available.
2018-06-19 19:15:56 4828 [Note]   - '::' resolves to '::';
2018-06-19 19:15:56 4828 [Note] Server socket created on IP: '::'.
2018-06-19 19:15:56 4828 [ERROR] Can't start server: Bind on TCP/IP port: No such file or directory
2018-06-19 19:15:56 4828 [ERROR] Do you already have another mysqld server running on port: 3307 ?
2018-06-19 19:15:56 4828 [ERROR] Aborting

2018-06-19 19:15:56 4828 [Note] Binlog end
2018-06-19 19:15:56 4828 [Note] Shutting down plugin 'partition'
2018-06-19 19:15:56 4828 [Note] Shutting down plugin 'PERFORMANCE_SCHEMA'
2018-06-19 19:15:56 4828 [Note] Shutting down plugin 'INNODB_SYS_DATAFILES'
2018-06-19 19:15:56 4828 [Note] Shutting down plugin 'INNODB_SYS_TABLESPACES'
2018-06-19 19:15:56 4828 [Note] Shutting down plugin 'INNODB_SYS_FOREIGN_COLS'
2018-06-19 19:15:56 4828 [Note] Shutting down plugin 'INNODB_SYS_FOREIGN'
2018-06-19 19:15:56 4828 [Note] Shutting down plugin 'INNODB_SYS_FIELDS'
2018-06-19 19:15:56 4828 [Note] Shutting down plugin 'INNODB_SYS_COLUMNS'
2018-06-19 19:15:56 4828 [Note] Shutting down plugin 'INNODB_SYS_INDEXES'
2018-06-19 19:15:56 4828 [Note] Shutting down plugin 'INNODB_SYS_TABLESTATS'
2018-06-19 19:15:56 4828 [Note] Shutting down plugin 'INNODB_SYS_TABLES'
2018-06-19 19:15:56 4828 [Note] Shutting down plugin 'INNODB_FT_INDEX_TABLE'
2018-06-19 19:15:56 4828 [Note] Shutting down plugin 'INNODB_FT_INDEX_CACHE'
2018-06-19 19:15:56 4828 [Note] Shutting down plugin 'INNODB_FT_CONFIG'
2018-06-19 19:15:56 4828 [Note] Shutting down plugin 'INNODB_FT_BEING_DELETED'
2018-06-19 19:15:56 4828 [Note] Shutting down plugin 'INNODB_FT_DELETED'
2018-06-19 19:15:56 4828 [Note] Shutting down plugin 'INNODB_FT_DEFAULT_STOPWORD'
2018-06-19 19:15:56 4828 [Note] Shutting down plugin 'INNODB_METRICS'
2018-06-19 19:15:56 4828 [Note] Shutting down plugin 'INNODB_BUFFER_POOL_STATS'
2018-06-19 19:15:56 4828 [Note] Shutting down plugin 'INNODB_BUFFER_PAGE_LRU'
2018-06-19 19:15:56 4828 [Note] Shutting down plugin 'INNODB_BUFFER_PAGE'
2018-06-19 19:15:56 4828 [Note] Shutting down plugin 'INNODB_CMP_PER_INDEX_RESET'
2018-06-19 19:15:56 4828 [Note] Shutting down plugin 'INNODB_CMP_PER_INDEX'
2018-06-19 19:15:56 4828 [Note] Shutting down plugin 'INNODB_CMPMEM_RESET'
2018-06-19 19:15:56 4828 [Note] Shutting down plugin 'INNODB_CMPMEM'
2018-06-19 19:15:56 4828 [Note] Shutting down plugin 'INNODB_CMP_RESET'
2018-06-19 19:15:56 4828 [Note] Shutting down plugin 'INNODB_CMP'
2018-06-19 19:15:56 4828 [Note] Shutting down plugin 'INNODB_LOCK_WAITS'
2018-06-19 19:15:56 4828 [Note] Shutting down plugin 'INNODB_LOCKS'
2018-06-19 19:15:56 4828 [Note] Shutting down plugin 'INNODB_TRX'
2018-06-19 19:15:56 4828 [Note] Shutting down plugin 'InnoDB'
2018-06-19 19:15:56 4828 [Note] InnoDB: FTS optimize thread exiting.
2018-06-19 19:15:56 4828 [Note] InnoDB: Starting shutdown...
2018-06-19 19:15:57 4828 [Note] InnoDB: Shutdown completed; log sequence number 1626646
2018-06-19 19:15:57 4828 [Note] Shutting down plugin 'BLACKHOLE'
2018-06-19 19:15:57 4828 [Note] Shutting down plugin 'ARCHIVE'
2018-06-19 19:15:57 4828 [Note] Shutting down plugin 'MRG_MYISAM'
2018-06-19 19:15:57 4828 [Note] Shutting down plugin 'MyISAM'
2018-06-19 19:15:57 4828 [Note] Shutting down plugin 'MEMORY'
2018-06-19 19:15:57 4828 [Note] Shutting down plugin 'CSV'
2018-06-19 19:15:57 4828 [Note] Shutting down plugin 'sha256_password'
2018-06-19 19:15:57 4828 [Note] Shutting down plugin 'mysql_old_password'
2018-06-19 19:15:57 4828 [Note] Shutting down plugin 'mysql_native_password'
2018-06-19 19:15:57 4828 [Note] Shutting down plugin 'binlog'
2018-06-19 19:15:57 4828 [Note] F:\faqi\mysql/mysql/bin/mysqld_usbwv8.exe: Shutdown complete

2018-06-19 19:16:53 3708 [Note] Plugin 'FEDERATED' is disabled.
2018-06-19 19:16:53 3708 [Note] InnoDB: The InnoDB memory heap is disabled
2018-06-19 19:16:53 3708 [Note] InnoDB: Mutexes and rw_locks use Windows interlocked functions
2018-06-19 19:16:53 3708 [Note] InnoDB: Compressed tables use zlib 1.2.3
2018-06-19 19:16:53 3708 [Note] InnoDB: Not using CPU crc32 instructions
2018-06-19 19:16:53 3708 [Note] InnoDB: Initializing buffer pool, size = 128.0M
2018-06-19 19:16:53 3708 [Note] InnoDB: Completed initialization of buffer pool
2018-06-19 19:16:54 3708 [Note] InnoDB: Highest supported file format is Barracuda.
2018-06-19 19:16:55 3708 [Note] InnoDB: 128 rollback segment(s) are active.
2018-06-19 19:16:55 3708 [Note] InnoDB: Waiting for purge to start
2018-06-19 19:16:55 3708 [Note] InnoDB: 5.6.13 started; log sequence number 1626646
2018-06-19 19:16:55 3708 [Note] Server hostname (bind-address): '*'; port: 3307
2018-06-19 19:16:55 3708 [Note] IPv6 is available.
2018-06-19 19:16:55 3708 [Note]   - '::' resolves to '::';
2018-06-19 19:16:55 3708 [Note] Server socket created on IP: '::'.
2018-06-19 19:16:55 3708 [ERROR] Can't start server: Bind on TCP/IP port: No such file or directory
2018-06-19 19:16:55 3708 [ERROR] Do you already have another mysqld server running on port: 3307 ?
2018-06-19 19:16:55 3708 [ERROR] Aborting

2018-06-19 19:16:55 3708 [Note] Binlog end
2018-06-19 19:16:55 3708 [Note] Shutting down plugin 'partition'
2018-06-19 19:16:55 3708 [Note] Shutting down plugin 'PERFORMANCE_SCHEMA'
2018-06-19 19:16:55 3708 [Note] Shutting down plugin 'INNODB_SYS_DATAFILES'
2018-06-19 19:16:55 3708 [Note] Shutting down plugin 'INNODB_SYS_TABLESPACES'
2018-06-19 19:16:55 3708 [Note] Shutting down plugin 'INNODB_SYS_FOREIGN_COLS'
2018-06-19 19:16:55 3708 [Note] Shutting down plugin 'INNODB_SYS_FOREIGN'
2018-06-19 19:16:55 3708 [Note] Shutting down plugin 'INNODB_SYS_FIELDS'
2018-06-19 19:16:55 3708 [Note] Shutting down plugin 'INNODB_SYS_COLUMNS'
2018-06-19 19:16:55 3708 [Note] Shutting down plugin 'INNODB_SYS_INDEXES'
2018-06-19 19:16:55 3708 [Note] Shutting down plugin 'INNODB_SYS_TABLESTATS'
2018-06-19 19:16:55 3708 [Note] Shutting down plugin 'INNODB_SYS_TABLES'
2018-06-19 19:16:55 3708 [Note] Shutting down plugin 'INNODB_FT_INDEX_TABLE'
2018-06-19 19:16:55 3708 [Note] Shutting down plugin 'INNODB_FT_INDEX_CACHE'
2018-06-19 19:16:55 3708 [Note] Shutting down plugin 'INNODB_FT_CONFIG'
2018-06-19 19:16:55 3708 [Note] Shutting down plugin 'INNODB_FT_BEING_DELETED'
2018-06-19 19:16:55 3708 [Note] Shutting down plugin 'INNODB_FT_DELETED'
2018-06-19 19:16:55 3708 [Note] Shutting down plugin 'INNODB_FT_DEFAULT_STOPWORD'
2018-06-19 19:16:55 3708 [Note] Shutting down plugin 'INNODB_METRICS'
2018-06-19 19:16:55 3708 [Note] Shutting down plugin 'INNODB_BUFFER_POOL_STATS'
2018-06-19 19:16:55 3708 [Note] Shutting down plugin 'INNODB_BUFFER_PAGE_LRU'
2018-06-19 19:16:55 3708 [Note] Shutting down plugin 'INNODB_BUFFER_PAGE'
2018-06-19 19:16:55 3708 [Note] Shutting down plugin 'INNODB_CMP_PER_INDEX_RESET'
2018-06-19 19:16:55 3708 [Note] Shutting down plugin 'INNODB_CMP_PER_INDEX'
2018-06-19 19:16:55 3708 [Note] Shutting down plugin 'INNODB_CMPMEM_RESET'
2018-06-19 19:16:55 3708 [Note] Shutting down plugin 'INNODB_CMPMEM'
2018-06-19 19:16:55 3708 [Note] Shutting down plugin 'INNODB_CMP_RESET'
2018-06-19 19:16:55 3708 [Note] Shutting down plugin 'INNODB_CMP'
2018-06-19 19:16:55 3708 [Note] Shutting down plugin 'INNODB_LOCK_WAITS'
2018-06-19 19:16:55 3708 [Note] Shutting down plugin 'INNODB_LOCKS'
2018-06-19 19:16:55 3708 [Note] Shutting down plugin 'INNODB_TRX'
2018-06-19 19:16:55 3708 [Note] Shutting down plugin 'InnoDB'
2018-06-19 19:16:55 3708 [Note] InnoDB: FTS optimize thread exiting.
2018-06-19 19:16:55 3708 [Note] InnoDB: Starting shutdown...
2018-06-19 19:16:57 3708 [Note] InnoDB: Shutdown completed; log sequence number 1626656
2018-06-19 19:16:57 3708 [Note] Shutting down plugin 'BLACKHOLE'
2018-06-19 19:16:57 3708 [Note] Shutting down plugin 'ARCHIVE'
2018-06-19 19:16:57 3708 [Note] Shutting down plugin 'MRG_MYISAM'
2018-06-19 19:16:57 3708 [Note] Shutting down plugin 'MyISAM'
2018-06-19 19:16:57 3708 [Note] Shutting down plugin 'MEMORY'
2018-06-19 19:16:57 3708 [Note] Shutting down plugin 'CSV'
2018-06-19 19:16:57 3708 [Note] Shutting down plugin 'sha256_password'
2018-06-19 19:16:57 3708 [Note] Shutting down plugin 'mysql_old_password'
2018-06-19 19:16:57 3708 [Note] Shutting down plugin 'mysql_native_password'
2018-06-19 19:16:57 3708 [Note] Shutting down plugin 'binlog'
2018-06-19 19:16:57 3708 [Note] F:\faqi\mysql/mysql/bin/mysqld_usbwv8.exe: Shutdown complete

2018-06-19 19:17:38 4308 [Note] Plugin 'FEDERATED' is disabled.
2018-06-19 19:17:38 4308 [Note] InnoDB: The InnoDB memory heap is disabled
2018-06-19 19:17:38 4308 [Note] InnoDB: Mutexes and rw_locks use Windows interlocked functions
2018-06-19 19:17:38 4308 [Note] InnoDB: Compressed tables use zlib 1.2.3
2018-06-19 19:17:38 4308 [Note] InnoDB: Not using CPU crc32 instructions
2018-06-19 19:17:38 4308 [Note] InnoDB: Initializing buffer pool, size = 128.0M
2018-06-19 19:17:38 4308 [Note] InnoDB: Completed initialization of buffer pool
2018-06-19 19:17:38 4308 [Note] InnoDB: Highest supported file format is Barracuda.
2018-06-19 19:17:39 4308 [Note] InnoDB: 128 rollback segment(s) are active.
2018-06-19 19:17:39 4308 [Note] InnoDB: Waiting for purge to start
2018-06-19 19:17:39 4308 [Note] InnoDB: 5.6.13 started; log sequence number 1626656
2018-06-19 19:17:39 4308 [Note] Server hostname (bind-address): '*'; port: 3307
2018-06-19 19:17:39 4308 [Note] IPv6 is available.
2018-06-19 19:17:39 4308 [Note]   - '::' resolves to '::';
2018-06-19 19:17:39 4308 [Note] Server socket created on IP: '::'.
2018-06-19 19:17:39 4308 [ERROR] Can't start server: Bind on TCP/IP port: No such file or directory
2018-06-19 19:17:39 4308 [ERROR] Do you already have another mysqld server running on port: 3307 ?
2018-06-19 19:17:39 4308 [ERROR] Aborting

2018-06-19 19:17:39 4308 [Note] Binlog end
2018-06-19 19:17:39 4308 [Note] Shutting down plugin 'partition'
2018-06-19 19:17:39 4308 [Note] Shutting down plugin 'PERFORMANCE_SCHEMA'
2018-06-19 19:17:39 4308 [Note] Shutting down plugin 'INNODB_SYS_DATAFILES'
2018-06-19 19:17:39 4308 [Note] Shutting down plugin 'INNODB_SYS_TABLESPACES'
2018-06-19 19:17:39 4308 [Note] Shutting down plugin 'INNODB_SYS_FOREIGN_COLS'
2018-06-19 19:17:39 4308 [Note] Shutting down plugin 'INNODB_SYS_FOREIGN'
2018-06-19 19:17:39 4308 [Note] Shutting down plugin 'INNODB_SYS_FIELDS'
2018-06-19 19:17:39 4308 [Note] Shutting down plugin 'INNODB_SYS_COLUMNS'
2018-06-19 19:17:39 4308 [Note] Shutting down plugin 'INNODB_SYS_INDEXES'
2018-06-19 19:17:39 4308 [Note] Shutting down plugin 'INNODB_SYS_TABLESTATS'
2018-06-19 19:17:39 4308 [Note] Shutting down plugin 'INNODB_SYS_TABLES'
2018-06-19 19:17:39 4308 [Note] Shutting down plugin 'INNODB_FT_INDEX_TABLE'
2018-06-19 19:17:39 4308 [Note] Shutting down plugin 'INNODB_FT_INDEX_CACHE'
2018-06-19 19:17:39 4308 [Note] Shutting down plugin 'INNODB_FT_CONFIG'
2018-06-19 19:17:39 4308 [Note] Shutting down plugin 'INNODB_FT_BEING_DELETED'
2018-06-19 19:17:39 4308 [Note] Shutting down plugin 'INNODB_FT_DELETED'
2018-06-19 19:17:39 4308 [Note] Shutting down plugin 'INNODB_FT_DEFAULT_STOPWORD'
2018-06-19 19:17:39 4308 [Note] Shutting down plugin 'INNODB_METRICS'
2018-06-19 19:17:39 4308 [Note] Shutting down plugin 'INNODB_BUFFER_POOL_STATS'
2018-06-19 19:17:39 4308 [Note] Shutting down plugin 'INNODB_BUFFER_PAGE_LRU'
2018-06-19 19:17:39 4308 [Note] Shutting down plugin 'INNODB_BUFFER_PAGE'
2018-06-19 19:17:39 4308 [Note] Shutting down plugin 'INNODB_CMP_PER_INDEX_RESET'
2018-06-19 19:17:39 4308 [Note] Shutting down plugin 'INNODB_CMP_PER_INDEX'
2018-06-19 19:17:39 4308 [Note] Shutting down plugin 'INNODB_CMPMEM_RESET'
2018-06-19 19:17:39 4308 [Note] Shutting down plugin 'INNODB_CMPMEM'
2018-06-19 19:17:39 4308 [Note] Shutting down plugin 'INNODB_CMP_RESET'
2018-06-19 19:17:39 4308 [Note] Shutting down plugin 'INNODB_CMP'
2018-06-19 19:17:39 4308 [Note] Shutting down plugin 'INNODB_LOCK_WAITS'
2018-06-19 19:17:39 4308 [Note] Shutting down plugin 'INNODB_LOCKS'
2018-06-19 19:17:39 4308 [Note] Shutting down plugin 'INNODB_TRX'
2018-06-19 19:17:39 4308 [Note] Shutting down plugin 'InnoDB'
2018-06-19 19:17:39 4308 [Note] InnoDB: FTS optimize thread exiting.
2018-06-19 19:17:39 4308 [Note] InnoDB: Starting shutdown...
2018-06-19 19:17:40 4308 [Note] InnoDB: Shutdown completed; log sequence number 1626666
2018-06-19 19:17:40 4308 [Note] Shutting down plugin 'BLACKHOLE'
2018-06-19 19:17:40 4308 [Note] Shutting down plugin 'ARCHIVE'
2018-06-19 19:17:40 4308 [Note] Shutting down plugin 'MRG_MYISAM'
2018-06-19 19:17:40 4308 [Note] Shutting down plugin 'MyISAM'
2018-06-19 19:17:40 4308 [Note] Shutting down plugin 'MEMORY'
2018-06-19 19:17:40 4308 [Note] Shutting down plugin 'CSV'
2018-06-19 19:17:40 4308 [Note] Shutting down plugin 'sha256_password'
2018-06-19 19:17:40 4308 [Note] Shutting down plugin 'mysql_old_password'
2018-06-19 19:17:40 4308 [Note] Shutting down plugin 'mysql_native_password'
2018-06-19 19:17:40 4308 [Note] Shutting down plugin 'binlog'
2018-06-19 19:17:40 4308 [Note] F:\faqi\mysql/mysql/bin/mysqld_usbwv8.exe: Shutdown complete

2018-06-19 19:17:41 3196 [Note] Plugin 'FEDERATED' is disabled.
2018-06-19 19:17:41 3196 [Note] InnoDB: The InnoDB memory heap is disabled
2018-06-19 19:17:41 3196 [Note] InnoDB: Mutexes and rw_locks use Windows interlocked functions
2018-06-19 19:17:41 3196 [Note] InnoDB: Compressed tables use zlib 1.2.3
2018-06-19 19:17:41 3196 [Note] InnoDB: Not using CPU crc32 instructions
2018-06-19 19:17:41 3196 [Note] InnoDB: Initializing buffer pool, size = 128.0M
2018-06-19 19:17:41 3196 [Note] InnoDB: Completed initialization of buffer pool
2018-06-19 19:17:42 3196 [Note] InnoDB: Highest supported file format is Barracuda.
2018-06-19 19:17:42 3196 [Note] InnoDB: 128 rollback segment(s) are active.
2018-06-19 19:17:42 3196 [Note] InnoDB: Waiting for purge to start
2018-06-19 19:17:42 3196 [Note] InnoDB: 5.6.13 started; log sequence number 1626666
2018-06-19 19:17:42 3196 [Note] Server hostname (bind-address): '*'; port: 3307
2018-06-19 19:17:42 3196 [Note] IPv6 is available.
2018-06-19 19:17:42 3196 [Note]   - '::' resolves to '::';
2018-06-19 19:17:42 3196 [Note] Server socket created on IP: '::'.
2018-06-19 19:17:42 3196 [ERROR] Can't start server: Bind on TCP/IP port: No such file or directory
2018-06-19 19:17:42 3196 [ERROR] Do you already have another mysqld server running on port: 3307 ?
2018-06-19 19:17:42 3196 [ERROR] Aborting

2018-06-19 19:17:42 3196 [Note] Binlog end
2018-06-19 19:17:42 3196 [Note] Shutting down plugin 'partition'
2018-06-19 19:17:42 3196 [Note] Shutting down plugin 'PERFORMANCE_SCHEMA'
2018-06-19 19:17:42 3196 [Note] Shutting down plugin 'INNODB_SYS_DATAFILES'
2018-06-19 19:17:42 3196 [Note] Shutting down plugin 'INNODB_SYS_TABLESPACES'
2018-06-19 19:17:42 3196 [Note] Shutting down plugin 'INNODB_SYS_FOREIGN_COLS'
2018-06-19 19:17:42 3196 [Note] Shutting down plugin 'INNODB_SYS_FOREIGN'
2018-06-19 19:17:42 3196 [Note] Shutting down plugin 'INNODB_SYS_FIELDS'
2018-06-19 19:17:42 3196 [Note] Shutting down plugin 'INNODB_SYS_COLUMNS'
2018-06-19 19:17:42 3196 [Note] Shutting down plugin 'INNODB_SYS_INDEXES'
2018-06-19 19:17:42 3196 [Note] Shutting down plugin 'INNODB_SYS_TABLESTATS'
2018-06-19 19:17:42 3196 [Note] Shutting down plugin 'INNODB_SYS_TABLES'
2018-06-19 19:17:42 3196 [Note] Shutting down plugin 'INNODB_FT_INDEX_TABLE'
2018-06-19 19:17:42 3196 [Note] Shutting down plugin 'INNODB_FT_INDEX_CACHE'
2018-06-19 19:17:42 3196 [Note] Shutting down plugin 'INNODB_FT_CONFIG'
2018-06-19 19:17:42 3196 [Note] Shutting down plugin 'INNODB_FT_BEING_DELETED'
2018-06-19 19:17:42 3196 [Note] Shutting down plugin 'INNODB_FT_DELETED'
2018-06-19 19:17:42 3196 [Note] Shutting down plugin 'INNODB_FT_DEFAULT_STOPWORD'
2018-06-19 19:17:42 3196 [Note] Shutting down plugin 'INNODB_METRICS'
2018-06-19 19:17:42 3196 [Note] Shutting down plugin 'INNODB_BUFFER_POOL_STATS'
2018-06-19 19:17:42 3196 [Note] Shutting down plugin 'INNODB_BUFFER_PAGE_LRU'
2018-06-19 19:17:42 3196 [Note] Shutting down plugin 'INNODB_BUFFER_PAGE'
2018-06-19 19:17:42 3196 [Note] Shutting down plugin 'INNODB_CMP_PER_INDEX_RESET'
2018-06-19 19:17:42 3196 [Note] Shutting down plugin 'INNODB_CMP_PER_INDEX'
2018-06-19 19:17:42 3196 [Note] Shutting down plugin 'INNODB_CMPMEM_RESET'
2018-06-19 19:17:42 3196 [Note] Shutting down plugin 'INNODB_CMPMEM'
2018-06-19 19:17:42 3196 [Note] Shutting down plugin 'INNODB_CMP_RESET'
2018-06-19 19:17:42 3196 [Note] Shutting down plugin 'INNODB_CMP'
2018-06-19 19:17:42 3196 [Note] Shutting down plugin 'INNODB_LOCK_WAITS'
2018-06-19 19:17:42 3196 [Note] Shutting down plugin 'INNODB_LOCKS'
2018-06-19 19:17:42 3196 [Note] Shutting down plugin 'INNODB_TRX'
2018-06-19 19:17:42 3196 [Note] Shutting down plugin 'InnoDB'
2018-06-19 19:17:42 3196 [Note] InnoDB: FTS optimize thread exiting.
2018-06-19 19:17:42 3196 [Note] InnoDB: Starting shutdown...
2018-06-19 19:17:43 3196 [Note] InnoDB: Shutdown completed; log sequence number 1626676
2018-06-19 19:17:43 3196 [Note] Shutting down plugin 'BLACKHOLE'
2018-06-19 19:17:43 3196 [Note] Shutting down plugin 'ARCHIVE'
2018-06-19 19:17:43 3196 [Note] Shutting down plugin 'MRG_MYISAM'
2018-06-19 19:17:43 3196 [Note] Shutting down plugin 'MyISAM'
2018-06-19 19:17:43 3196 [Note] Shutting down plugin 'MEMORY'
2018-06-19 19:17:43 3196 [Note] Shutting down plugin 'CSV'
2018-06-19 19:17:43 3196 [Note] Shutting down plugin 'sha256_password'
2018-06-19 19:17:43 3196 [Note] Shutting down plugin 'mysql_old_password'
2018-06-19 19:17:43 3196 [Note] Shutting down plugin 'mysql_native_password'
2018-06-19 19:17:43 3196 [Note] Shutting down plugin 'binlog'
2018-06-19 19:17:43 3196 [Note] F:\faqi\mysql/mysql/bin/mysqld_usbwv8.exe: Shutdown complete

