::1 - - [19/Jun/2018:19:15:58 -0300] "GET /phpmyadmin HTTP/1.1" 301 241
::1 - - [19/Jun/2018:19:15:58 -0300] "GET /phpmyadmin/ HTTP/1.1" 200 8548
::1 - - [19/Jun/2018:19:16:03 -0300] "GET /phpmyadmin/themes/pmahomme/img/logo_right.png HTTP/1.1" 200 4548
::1 - - [19/Jun/2018:19:16:03 -0300] "GET /phpmyadmin/themes/pmahomme/jquery/jquery-ui-1.9.2.custom.css HTTP/1.1" 200 32278
::1 - - [19/Jun/2018:19:16:03 -0300] "GET /phpmyadmin/themes/dot.gif HTTP/1.1" 200 43
::1 - - [19/Jun/2018:19:16:03 -0300] "GET /phpmyadmin/phpmyadmin.css.php?server=1&lang=pt&collation_connection=utf8_general_ci&token=337aabc6e8199110f827d5f976587b61&nocache=4125195912ltr HTTP/1.1" 200 88608
::1 - - [19/Jun/2018:19:16:03 -0300] "GET /phpmyadmin/js/get_image.js.php?theme=pmahomme HTTP/1.1" 200 6263
::1 - - [19/Jun/2018:19:16:03 -0300] "GET /phpmyadmin/js/messages.php?lang=pt&db=&server=0&collation_connection=utf8_general_ci&token=149bf942231090bb204a94b29d0ab66c HTTP/1.1" 200 18103
::1 - - [19/Jun/2018:19:16:03 -0300] "GET /phpmyadmin/js/get_scripts.js.php?scripts[]=jquery/jquery-1.8.3.js&scripts[]=ajax.js&scripts[]=keyhandler.js&scripts[]=jquery/jquery-ui-1.9.2.custom.js&scripts[]=jquery/jquery.sprintf.js&scripts[]=jquery/jquery.cookie.js&scripts[]=jquery/jquery.mousewheel.js&scripts[]=jquery/jquery.event.drag-2.2.js&scripts[]=jquery/jquery-ui-timepicker-addon.js&scripts[]=jquery/jquery.ba-hashchange-1.3.js&scripts[]=jquery/jquery.debounce-1.0.5.js&scripts[]=jquery/jquery.menuResizer-1.0.js&scripts[]=rte.js&scripts[]=functions.js&scripts[]=navigation.js&scripts[]=indexes.js&scripts[]=common.js&scripts[]=codemirror/lib/codemirror.js&scripts[]=codemirror/mode/mysql/mysql.js HTTP/1.1" 200 578562
::1 - - [19/Jun/2018:19:16:05 -0300] "GET /phpmyadmin/themes/pmahomme/img/sprites.png HTTP/1.1" 200 61899
::1 - - [19/Jun/2018:19:16:05 -0300] "GET /phpmyadmin/favicon.ico HTTP/1.1" 200 18902
::1 - - [19/Jun/2018:19:16:24 -0300] "POST /phpmyadmin/index.php HTTP/1.1" 302 -
::1 - - [19/Jun/2018:19:16:25 -0300] "GET /phpmyadmin/index.php?token=337aabc6e8199110f827d5f976587b61 HTTP/1.1" 200 8171
::1 - - [19/Jun/2018:19:16:25 -0300] "GET /phpmyadmin/phpmyadmin.css.php?server=1&token=337aabc6e8199110f827d5f976587b61&nocache=4125195912ltr HTTP/1.1" 200 88608
::1 - - [19/Jun/2018:19:16:25 -0300] "GET /phpmyadmin/js/messages.php?lang=pt&db=&server=0&token=337aabc6e8199110f827d5f976587b61 HTTP/1.1" 200 18103
::1 - - [19/Jun/2018:19:16:28 -0300] "POST /phpmyadmin/index.php HTTP/1.1" 302 -
::1 - - [19/Jun/2018:19:16:28 -0300] "GET /phpmyadmin/index.php?token=337aabc6e8199110f827d5f976587b61 HTTP/1.1" 200 8171
::1 - - [19/Jun/2018:19:16:33 -0300] "POST /phpmyadmin/index.php HTTP/1.1" 302 -
::1 - - [19/Jun/2018:19:16:34 -0300] "GET /phpmyadmin/index.php?token=337aabc6e8199110f827d5f976587b61 HTTP/1.1" 200 8171
::1 - - [19/Jun/2018:19:16:35 -0300] "POST /phpmyadmin/index.php HTTP/1.1" 302 -
::1 - - [19/Jun/2018:19:16:36 -0300] "GET /phpmyadmin/index.php?token=337aabc6e8199110f827d5f976587b61 HTTP/1.1" 200 8171
::1 - - [19/Jun/2018:19:16:45 -0300] "POST /phpmyadmin/index.php HTTP/1.1" 302 -
::1 - - [19/Jun/2018:19:16:45 -0300] "GET /phpmyadmin/index.php?token=337aabc6e8199110f827d5f976587b61 HTTP/1.1" 200 8171
::1 - - [19/Jun/2018:19:16:46 -0300] "POST /phpmyadmin/index.php HTTP/1.1" 302 -
::1 - - [19/Jun/2018:19:16:46 -0300] "POST /phpmyadmin/index.php HTTP/1.1" 302 -
::1 - - [19/Jun/2018:19:16:46 -0300] "GET /phpmyadmin/index.php?token=337aabc6e8199110f827d5f976587b61 HTTP/1.1" 200 8217
::1 - - [19/Jun/2018:19:16:58 -0300] "POST /phpmyadmin/index.php HTTP/1.1" 302 -
::1 - - [19/Jun/2018:19:16:59 -0300] "GET /phpmyadmin/index.php?token=337aabc6e8199110f827d5f976587b61 HTTP/1.1" 200 8171
::1 - - [19/Jun/2018:19:17:51 -0300] "GET /phpmyadmin/index.php?token=337aabc6e8199110f827d5f976587b61 HTTP/1.1" 200 8024
::1 - - [19/Jun/2018:19:17:51 -0300] "GET /phpmyadmin/phpmyadmin.css.php?server=1&token=47efc3d3315a586deec0473ac55aca7b&nocache=4125195912ltr HTTP/1.1" 200 88608
::1 - - [19/Jun/2018:19:17:51 -0300] "GET /phpmyadmin/favicon.ico HTTP/1.1" 200 18902
